<?xml version="1.0" encoding="UTF-8"?>
<!-- Generated by org.testng.reporters.JUnitXMLReporter -->
<testsuite ignored="0" hostname="TL1061" failures="0" tests="3" name="Test" time="41.87" errors="0" timestamp="2022-11-02T12:06:30 IST">
  <testcase classname="testcases.RunLogin" name="runLogin" time="1.984"/>
  <testcase classname="testcases.RunCreateLead" name="runLogin" time="14.322"/>
  <testcase classname="testcases.RunCreateLead" name="runLogin" time="11.928"/>
</testsuite> <!-- Test -->
